2025-06-23 13:37:11,565 DEBUG    root            Loaded Command Group: ['gcloud', 'components']
2025-06-23 13:37:11,569 DEBUG    root            Loaded Command Group: ['gcloud', 'components', 'update']
2025-06-23 13:37:11,571 DEBUG    root            Running [gcloud.components.update] with arguments: [--compile-python: "True", --quiet: "True", COMPONENT-IDS:6: "['core', 'gcloud-deps', 'bq', 'gcloud', 'gcloud-crc32c', 'gsutil']"]
2025-06-23 13:37:11,572 INFO     ___FILE_ONLY___ Beginning update. This process may take several minutes.

2025-06-23 13:37:11,605 DEBUG    urllib3.connectionpool Starting new HTTPS connection (1): dl.google.com:443
2025-06-23 13:37:11,650 DEBUG    urllib3.connectionpool https://dl.google.com:443 "GET /dl/cloudsdk/channels/rapid/components-2.json HTTP/11" 200 233994
2025-06-23 13:37:11,662 INFO     ___FILE_ONLY___ 

2025-06-23 13:37:11,663 INFO     ___FILE_ONLY___ 
Your current Google Cloud CLI version is: 527.0.0

2025-06-23 13:37:11,663 INFO     ___FILE_ONLY___ Installing components from version: 527.0.0

2025-06-23 13:37:11,663 INFO     ___FILE_ONLY___ 

2025-06-23 13:37:11,663 DEBUG    root            Chosen display Format:table[box,title="These components will be removed."](details.display_name:label=Name:align=left,version.version_string:label=Version:align=right,data.size.size(zero="",min=1048576):label=Size:align=right)
2025-06-23 13:37:11,664 DEBUG    root            Chosen display Format:table[box,title="These components will be updated."](details.display_name:label=Name:align=left,version.version_string:label=Version:align=right,data.size.size(zero="",min=1048576):label=Size:align=right)
2025-06-23 13:37:11,664 DEBUG    root            Chosen display Format:table[box,title="These components will be installed."](details.display_name:label=Name:align=left,version.version_string:label=Version:align=right,data.size.size(zero="",min=1048576):label=Size:align=right)
2025-06-23 13:37:11,702 INFO     ___FILE_ONLY___ ┌─────────────────────────────────────────────────────────────────────────────┐
2025-06-23 13:37:11,702 INFO     ___FILE_ONLY___ 

2025-06-23 13:37:11,702 INFO     ___FILE_ONLY___ │                     These components will be installed.                     │
2025-06-23 13:37:11,702 INFO     ___FILE_ONLY___ 

2025-06-23 13:37:11,702 INFO     ___FILE_ONLY___ ├─────────────────────────────────────────────────────┬────────────┬──────────┤
2025-06-23 13:37:11,702 INFO     ___FILE_ONLY___ 

2025-06-23 13:37:11,702 INFO     ___FILE_ONLY___ │                         Name                        │  Version   │   Size   │
2025-06-23 13:37:11,702 INFO     ___FILE_ONLY___ 

2025-06-23 13:37:11,702 INFO     ___FILE_ONLY___ ├─────────────────────────────────────────────────────┼────────────┼──────────┤
2025-06-23 13:37:11,702 INFO     ___FILE_ONLY___ 

2025-06-23 13:37:11,702 INFO     ___FILE_ONLY___ │ 
2025-06-23 13:37:11,702 INFO     ___FILE_ONLY___ BigQuery Command Line Tool                         
2025-06-23 13:37:11,702 INFO     ___FILE_ONLY___  
2025-06-23 13:37:11,702 INFO     ___FILE_ONLY___ │ 
2025-06-23 13:37:11,702 INFO     ___FILE_ONLY___     2.1.18
2025-06-23 13:37:11,703 INFO     ___FILE_ONLY___  
2025-06-23 13:37:11,703 INFO     ___FILE_ONLY___ │ 
2025-06-23 13:37:11,703 INFO     ___FILE_ONLY___  1.8 MiB
2025-06-23 13:37:11,703 INFO     ___FILE_ONLY___  
2025-06-23 13:37:11,703 INFO     ___FILE_ONLY___ │
2025-06-23 13:37:11,703 INFO     ___FILE_ONLY___ 

2025-06-23 13:37:11,703 INFO     ___FILE_ONLY___ │ 
2025-06-23 13:37:11,703 INFO     ___FILE_ONLY___ BigQuery Command Line Tool (Platform Specific)     
2025-06-23 13:37:11,703 INFO     ___FILE_ONLY___  
2025-06-23 13:37:11,703 INFO     ___FILE_ONLY___ │ 
2025-06-23 13:37:11,703 INFO     ___FILE_ONLY___     2.1.17
2025-06-23 13:37:11,703 INFO     ___FILE_ONLY___  
2025-06-23 13:37:11,703 INFO     ___FILE_ONLY___ │ 
2025-06-23 13:37:11,703 INFO     ___FILE_ONLY___  < 1 MiB
2025-06-23 13:37:11,703 INFO     ___FILE_ONLY___  
2025-06-23 13:37:11,703 INFO     ___FILE_ONLY___ │
2025-06-23 13:37:11,703 INFO     ___FILE_ONLY___ 

2025-06-23 13:37:11,703 INFO     ___FILE_ONLY___ │ 
2025-06-23 13:37:11,703 INFO     ___FILE_ONLY___ Bundled Python 3.12 (Platform Specific)            
2025-06-23 13:37:11,703 INFO     ___FILE_ONLY___  
2025-06-23 13:37:11,703 INFO     ___FILE_ONLY___ │ 
2025-06-23 13:37:11,704 INFO     ___FILE_ONLY___     3.12.9
2025-06-23 13:37:11,704 INFO     ___FILE_ONLY___  
2025-06-23 13:37:11,704 INFO     ___FILE_ONLY___ │ 
2025-06-23 13:37:11,704 INFO     ___FILE_ONLY___ 89.3 MiB
2025-06-23 13:37:11,704 INFO     ___FILE_ONLY___  
2025-06-23 13:37:11,704 INFO     ___FILE_ONLY___ │
2025-06-23 13:37:11,704 INFO     ___FILE_ONLY___ 

2025-06-23 13:37:11,704 INFO     ___FILE_ONLY___ │ 
2025-06-23 13:37:11,704 INFO     ___FILE_ONLY___ Cloud Storage Command Line Tool                    
2025-06-23 13:37:11,704 INFO     ___FILE_ONLY___  
2025-06-23 13:37:11,704 INFO     ___FILE_ONLY___ │ 
2025-06-23 13:37:11,704 INFO     ___FILE_ONLY___       5.34
2025-06-23 13:37:11,704 INFO     ___FILE_ONLY___  
2025-06-23 13:37:11,704 INFO     ___FILE_ONLY___ │ 
2025-06-23 13:37:11,704 INFO     ___FILE_ONLY___ 11.8 MiB
2025-06-23 13:37:11,704 INFO     ___FILE_ONLY___  
2025-06-23 13:37:11,704 INFO     ___FILE_ONLY___ │
2025-06-23 13:37:11,704 INFO     ___FILE_ONLY___ 

2025-06-23 13:37:11,704 INFO     ___FILE_ONLY___ │ 
2025-06-23 13:37:11,704 INFO     ___FILE_ONLY___ Cloud Storage Command Line Tool (Platform Specific)
2025-06-23 13:37:11,704 INFO     ___FILE_ONLY___  
2025-06-23 13:37:11,705 INFO     ___FILE_ONLY___ │ 
2025-06-23 13:37:11,705 INFO     ___FILE_ONLY___       5.34
2025-06-23 13:37:11,705 INFO     ___FILE_ONLY___  
2025-06-23 13:37:11,705 INFO     ___FILE_ONLY___ │ 
2025-06-23 13:37:11,705 INFO     ___FILE_ONLY___  < 1 MiB
2025-06-23 13:37:11,705 INFO     ___FILE_ONLY___  
2025-06-23 13:37:11,705 INFO     ___FILE_ONLY___ │
2025-06-23 13:37:11,705 INFO     ___FILE_ONLY___ 

2025-06-23 13:37:11,705 INFO     ___FILE_ONLY___ │ 
2025-06-23 13:37:11,705 INFO     ___FILE_ONLY___ Google Cloud CLI Core Libraries (Platform Specific)
2025-06-23 13:37:11,705 INFO     ___FILE_ONLY___  
2025-06-23 13:37:11,705 INFO     ___FILE_ONLY___ │ 
2025-06-23 13:37:11,705 INFO     ___FILE_ONLY___ 2025.05.23
2025-06-23 13:37:11,705 INFO     ___FILE_ONLY___  
2025-06-23 13:37:11,705 INFO     ___FILE_ONLY___ │ 
2025-06-23 13:37:11,705 INFO     ___FILE_ONLY___  < 1 MiB
2025-06-23 13:37:11,705 INFO     ___FILE_ONLY___  
2025-06-23 13:37:11,705 INFO     ___FILE_ONLY___ │
2025-06-23 13:37:11,705 INFO     ___FILE_ONLY___ 

2025-06-23 13:37:11,705 INFO     ___FILE_ONLY___ │ 
2025-06-23 13:37:11,705 INFO     ___FILE_ONLY___ Google Cloud CRC32C Hash Tool (Platform Specific)  
2025-06-23 13:37:11,705 INFO     ___FILE_ONLY___  
2025-06-23 13:37:11,705 INFO     ___FILE_ONLY___ │ 
2025-06-23 13:37:11,706 INFO     ___FILE_ONLY___      1.0.0
2025-06-23 13:37:11,706 INFO     ___FILE_ONLY___  
2025-06-23 13:37:11,706 INFO     ___FILE_ONLY___ │ 
2025-06-23 13:37:11,706 INFO     ___FILE_ONLY___  1.5 MiB
2025-06-23 13:37:11,706 INFO     ___FILE_ONLY___  
2025-06-23 13:37:11,706 INFO     ___FILE_ONLY___ │
2025-06-23 13:37:11,706 INFO     ___FILE_ONLY___ 

2025-06-23 13:37:11,706 INFO     ___FILE_ONLY___ │ 
2025-06-23 13:37:11,706 INFO     ___FILE_ONLY___ gcloud cli dependencies (Platform Specific)        
2025-06-23 13:37:11,706 INFO     ___FILE_ONLY___  
2025-06-23 13:37:11,706 INFO     ___FILE_ONLY___ │ 
2025-06-23 13:37:11,706 INFO     ___FILE_ONLY___ 2021.04.16
2025-06-23 13:37:11,706 INFO     ___FILE_ONLY___  
2025-06-23 13:37:11,706 INFO     ___FILE_ONLY___ │ 
2025-06-23 13:37:11,706 INFO     ___FILE_ONLY___  < 1 MiB
2025-06-23 13:37:11,706 INFO     ___FILE_ONLY___  
2025-06-23 13:37:11,706 INFO     ___FILE_ONLY___ │
2025-06-23 13:37:11,706 INFO     ___FILE_ONLY___ 

2025-06-23 13:37:11,706 INFO     ___FILE_ONLY___ └─────────────────────────────────────────────────────┴────────────┴──────────┘
2025-06-23 13:37:11,706 INFO     ___FILE_ONLY___ 

2025-06-23 13:37:11,706 INFO     ___FILE_ONLY___ 

2025-06-23 13:37:11,710 DEBUG    urllib3.connectionpool Starting new HTTPS connection (1): dl.google.com:443
2025-06-23 13:37:11,917 DEBUG    urllib3.connectionpool https://dl.google.com:443 "GET /dl/cloudsdk/channels/rapid/RELEASE_NOTES HTTP/11" 200 1434924
2025-06-23 13:37:12,406 INFO     ___FILE_ONLY___ For the latest full release notes, please visit:
  https://cloud.google.com/sdk/release_notes


2025-06-23 13:37:12,406 INFO     ___FILE_ONLY___ Performing in place update...


2025-06-23 13:37:12,408 INFO     ___FILE_ONLY___ ╔════════════════════════════════════════════════════════════╗

2025-06-23 13:37:12,408 INFO     ___FILE_ONLY___ ╠═ Downloading: BigQuery Command Line Tool                  ═╣

2025-06-23 13:37:12,408 INFO     ___FILE_ONLY___ ╚
2025-06-23 13:37:12,412 DEBUG    urllib3.connectionpool Starting new HTTPS connection (1): dl.google.com:443
2025-06-23 13:37:12,617 DEBUG    urllib3.connectionpool https://dl.google.com:443 "GET /dl/cloudsdk/channels/rapid/components/google-cloud-sdk-bq-20250606142749.tar.gz HTTP/11" 200 1848839
2025-06-23 13:37:12,629 INFO     ___FILE_ONLY___ ═
2025-06-23 13:37:12,629 INFO     ___FILE_ONLY___ ═
2025-06-23 13:37:12,629 INFO     ___FILE_ONLY___ ═
2025-06-23 13:37:12,629 INFO     ___FILE_ONLY___ ═
2025-06-23 13:37:12,629 INFO     ___FILE_ONLY___ ═
2025-06-23 13:37:12,629 INFO     ___FILE_ONLY___ ═
2025-06-23 13:37:12,630 INFO     ___FILE_ONLY___ ═
2025-06-23 13:37:12,630 INFO     ___FILE_ONLY___ ═
2025-06-23 13:37:12,630 INFO     ___FILE_ONLY___ ═
2025-06-23 13:37:12,630 INFO     ___FILE_ONLY___ ═
2025-06-23 13:37:12,630 INFO     ___FILE_ONLY___ ═
2025-06-23 13:37:12,630 INFO     ___FILE_ONLY___ ═
2025-06-23 13:37:12,630 INFO     ___FILE_ONLY___ ═
2025-06-23 13:37:12,630 INFO     ___FILE_ONLY___ ═
2025-06-23 13:37:12,630 INFO     ___FILE_ONLY___ ═
2025-06-23 13:37:12,630 INFO     ___FILE_ONLY___ ═
2025-06-23 13:37:12,630 INFO     ___FILE_ONLY___ ═
2025-06-23 13:37:12,631 INFO     ___FILE_ONLY___ ═
2025-06-23 13:37:12,631 INFO     ___FILE_ONLY___ ═
2025-06-23 13:37:12,631 INFO     ___FILE_ONLY___ ═
2025-06-23 13:37:12,631 INFO     ___FILE_ONLY___ ═
2025-06-23 13:37:12,631 INFO     ___FILE_ONLY___ ═
2025-06-23 13:37:12,631 INFO     ___FILE_ONLY___ ═
2025-06-23 13:37:12,631 INFO     ___FILE_ONLY___ ═
2025-06-23 13:37:12,631 INFO     ___FILE_ONLY___ ═
2025-06-23 13:37:12,631 INFO     ___FILE_ONLY___ ═
2025-06-23 13:37:12,631 INFO     ___FILE_ONLY___ ═
2025-06-23 13:37:12,631 INFO     ___FILE_ONLY___ ═
2025-06-23 13:37:12,632 INFO     ___FILE_ONLY___ ═
2025-06-23 13:37:12,632 INFO     ___FILE_ONLY___ ═
2025-06-23 13:37:12,632 INFO     ___FILE_ONLY___ ═
2025-06-23 13:37:12,632 INFO     ___FILE_ONLY___ ═
2025-06-23 13:37:12,632 INFO     ___FILE_ONLY___ ═
2025-06-23 13:37:12,632 INFO     ___FILE_ONLY___ ═
2025-06-23 13:37:12,632 INFO     ___FILE_ONLY___ ═
2025-06-23 13:37:12,632 INFO     ___FILE_ONLY___ ═
2025-06-23 13:37:12,632 INFO     ___FILE_ONLY___ ═
2025-06-23 13:37:12,632 INFO     ___FILE_ONLY___ ═
2025-06-23 13:37:12,632 INFO     ___FILE_ONLY___ ═
2025-06-23 13:37:12,632 INFO     ___FILE_ONLY___ ═
2025-06-23 13:37:12,633 INFO     ___FILE_ONLY___ ═
2025-06-23 13:37:12,633 INFO     ___FILE_ONLY___ ═
2025-06-23 13:37:12,633 INFO     ___FILE_ONLY___ ═
2025-06-23 13:37:12,633 INFO     ___FILE_ONLY___ ═
2025-06-23 13:37:12,633 INFO     ___FILE_ONLY___ ═
2025-06-23 13:37:12,633 INFO     ___FILE_ONLY___ ═
2025-06-23 13:37:12,633 INFO     ___FILE_ONLY___ ═
2025-06-23 13:37:12,633 INFO     ___FILE_ONLY___ ═
2025-06-23 13:37:12,633 INFO     ___FILE_ONLY___ ═
2025-06-23 13:37:12,633 INFO     ___FILE_ONLY___ ═
2025-06-23 13:37:12,633 INFO     ___FILE_ONLY___ ═
2025-06-23 13:37:12,633 INFO     ___FILE_ONLY___ ═
2025-06-23 13:37:12,634 INFO     ___FILE_ONLY___ ═
2025-06-23 13:37:12,634 INFO     ___FILE_ONLY___ ═
2025-06-23 13:37:12,634 INFO     ___FILE_ONLY___ ═
2025-06-23 13:37:12,634 INFO     ___FILE_ONLY___ ═
2025-06-23 13:37:12,634 INFO     ___FILE_ONLY___ ═
2025-06-23 13:37:12,634 INFO     ___FILE_ONLY___ ═
2025-06-23 13:37:12,634 INFO     ___FILE_ONLY___ ═
2025-06-23 13:37:12,634 INFO     ___FILE_ONLY___ ═
2025-06-23 13:37:12,634 INFO     ___FILE_ONLY___ ╝

2025-06-23 13:37:12,636 INFO     ___FILE_ONLY___ ╔════════════════════════════════════════════════════════════╗

2025-06-23 13:37:12,637 INFO     ___FILE_ONLY___ ╠═ Downloading: BigQuery Command Line Tool (Platform Spe... ═╣

2025-06-23 13:37:12,637 INFO     ___FILE_ONLY___ ╚
2025-06-23 13:37:12,641 DEBUG    urllib3.connectionpool Starting new HTTPS connection (1): dl.google.com:443
2025-06-23 13:37:12,684 DEBUG    urllib3.connectionpool https://dl.google.com:443 "GET /dl/cloudsdk/channels/rapid/components/google-cloud-sdk-bq-nix-20250523104322.tar.gz HTTP/11" 200 1935
2025-06-23 13:37:12,684 INFO     ___FILE_ONLY___ ════════════════════════════════════════════════════════════
2025-06-23 13:37:12,684 INFO     ___FILE_ONLY___ ╝

2025-06-23 13:37:12,686 INFO     ___FILE_ONLY___ ╔════════════════════════════════════════════════════════════╗

2025-06-23 13:37:12,687 INFO     ___FILE_ONLY___ ╠═ Downloading: Bundled Python 3.12                         ═╣

2025-06-23 13:37:12,687 INFO     ___FILE_ONLY___ ╚
2025-06-23 13:37:12,687 INFO     ___FILE_ONLY___ ════════════════════════════════════════════════════════════
2025-06-23 13:37:12,687 INFO     ___FILE_ONLY___ ╝

2025-06-23 13:37:12,689 INFO     ___FILE_ONLY___ ╔════════════════════════════════════════════════════════════╗

2025-06-23 13:37:12,689 INFO     ___FILE_ONLY___ ╠═ Downloading: Bundled Python 3.12 (Platform Specific)     ═╣

2025-06-23 13:37:12,689 INFO     ___FILE_ONLY___ ╚
2025-06-23 13:37:12,692 DEBUG    urllib3.connectionpool Starting new HTTPS connection (1): dl.google.com:443
2025-06-23 13:37:12,901 DEBUG    urllib3.connectionpool https://dl.google.com:443 "GET /dl/cloudsdk/channels/rapid/components/google-cloud-sdk-bundled-python3-unix-linux-x86_64-20250502143716.tar.gz HTTP/11" 200 93610468
2025-06-23 13:37:13,220 INFO     ___FILE_ONLY___ ═
2025-06-23 13:37:13,221 INFO     ___FILE_ONLY___ ═
2025-06-23 13:37:13,223 INFO     ___FILE_ONLY___ ═
2025-06-23 13:37:13,225 INFO     ___FILE_ONLY___ ═
2025-06-23 13:37:13,227 INFO     ___FILE_ONLY___ ═
2025-06-23 13:37:13,228 INFO     ___FILE_ONLY___ ═
2025-06-23 13:37:13,230 INFO     ___FILE_ONLY___ ═
2025-06-23 13:37:13,232 INFO     ___FILE_ONLY___ ═
2025-06-23 13:37:13,234 INFO     ___FILE_ONLY___ ═
2025-06-23 13:37:13,235 INFO     ___FILE_ONLY___ ═
2025-06-23 13:37:13,237 INFO     ___FILE_ONLY___ ═
2025-06-23 13:37:13,239 INFO     ___FILE_ONLY___ ═
2025-06-23 13:37:13,241 INFO     ___FILE_ONLY___ ═
2025-06-23 13:37:13,242 INFO     ___FILE_ONLY___ ═
2025-06-23 13:37:13,244 INFO     ___FILE_ONLY___ ═
2025-06-23 13:37:13,246 INFO     ___FILE_ONLY___ ═
2025-06-23 13:37:13,247 INFO     ___FILE_ONLY___ ═
2025-06-23 13:37:13,249 INFO     ___FILE_ONLY___ ═
2025-06-23 13:37:13,251 INFO     ___FILE_ONLY___ ═
2025-06-23 13:37:13,252 INFO     ___FILE_ONLY___ ═
2025-06-23 13:37:13,254 INFO     ___FILE_ONLY___ ═
2025-06-23 13:37:13,256 INFO     ___FILE_ONLY___ ═
2025-06-23 13:37:13,257 INFO     ___FILE_ONLY___ ═
2025-06-23 13:37:13,259 INFO     ___FILE_ONLY___ ═
2025-06-23 13:37:13,261 INFO     ___FILE_ONLY___ ═
2025-06-23 13:37:13,262 INFO     ___FILE_ONLY___ ═
2025-06-23 13:37:13,264 INFO     ___FILE_ONLY___ ═
2025-06-23 13:37:13,266 INFO     ___FILE_ONLY___ ═
2025-06-23 13:37:13,267 INFO     ___FILE_ONLY___ ═
2025-06-23 13:37:13,269 INFO     ___FILE_ONLY___ ═
2025-06-23 13:37:13,271 INFO     ___FILE_ONLY___ ═
2025-06-23 13:37:13,272 INFO     ___FILE_ONLY___ ═
2025-06-23 13:37:13,274 INFO     ___FILE_ONLY___ ═
2025-06-23 13:37:13,276 INFO     ___FILE_ONLY___ ═
2025-06-23 13:37:13,278 INFO     ___FILE_ONLY___ ═
2025-06-23 13:37:13,279 INFO     ___FILE_ONLY___ ═
2025-06-23 13:37:13,281 INFO     ___FILE_ONLY___ ═
2025-06-23 13:37:13,283 INFO     ___FILE_ONLY___ ═
2025-06-23 13:37:13,284 INFO     ___FILE_ONLY___ ═
2025-06-23 13:37:13,286 INFO     ___FILE_ONLY___ ═
2025-06-23 13:37:13,288 INFO     ___FILE_ONLY___ ═
2025-06-23 13:37:13,289 INFO     ___FILE_ONLY___ ═
2025-06-23 13:37:13,291 INFO     ___FILE_ONLY___ ═
2025-06-23 13:37:13,293 INFO     ___FILE_ONLY___ ═
2025-06-23 13:37:13,295 INFO     ___FILE_ONLY___ ═
2025-06-23 13:37:13,297 INFO     ___FILE_ONLY___ ═
2025-06-23 13:37:13,298 INFO     ___FILE_ONLY___ ═
2025-06-23 13:37:13,300 INFO     ___FILE_ONLY___ ═
2025-06-23 13:37:13,302 INFO     ___FILE_ONLY___ ═
2025-06-23 13:37:13,304 INFO     ___FILE_ONLY___ ═
2025-06-23 13:37:13,305 INFO     ___FILE_ONLY___ ═
2025-06-23 13:37:13,307 INFO     ___FILE_ONLY___ ═
2025-06-23 13:37:13,309 INFO     ___FILE_ONLY___ ═
2025-06-23 13:37:13,310 INFO     ___FILE_ONLY___ ═
2025-06-23 13:37:13,312 INFO     ___FILE_ONLY___ ═
2025-06-23 13:37:13,314 INFO     ___FILE_ONLY___ ═
2025-06-23 13:37:13,315 INFO     ___FILE_ONLY___ ═
2025-06-23 13:37:13,317 INFO     ___FILE_ONLY___ ═
2025-06-23 13:37:13,319 INFO     ___FILE_ONLY___ ═
2025-06-23 13:37:13,320 INFO     ___FILE_ONLY___ ═
2025-06-23 13:37:13,321 INFO     ___FILE_ONLY___ ╝

2025-06-23 13:37:13,323 INFO     ___FILE_ONLY___ ╔════════════════════════════════════════════════════════════╗

2025-06-23 13:37:13,323 INFO     ___FILE_ONLY___ ╠═ Downloading: Cloud Storage Command Line Tool             ═╣

2025-06-23 13:37:13,323 INFO     ___FILE_ONLY___ ╚
2025-06-23 13:37:13,326 DEBUG    urllib3.connectionpool Starting new HTTPS connection (1): dl.google.com:443
2025-06-23 13:37:13,532 DEBUG    urllib3.connectionpool https://dl.google.com:443 "GET /dl/cloudsdk/channels/rapid/components/google-cloud-sdk-gsutil-20250418150427.tar.gz HTTP/11" 200 12382702
2025-06-23 13:37:13,579 INFO     ___FILE_ONLY___ ═
2025-06-23 13:37:13,579 INFO     ___FILE_ONLY___ ═
2025-06-23 13:37:13,579 INFO     ___FILE_ONLY___ ═
2025-06-23 13:37:13,580 INFO     ___FILE_ONLY___ ═
2025-06-23 13:37:13,580 INFO     ___FILE_ONLY___ ═
2025-06-23 13:37:13,580 INFO     ___FILE_ONLY___ ═
2025-06-23 13:37:13,581 INFO     ___FILE_ONLY___ ═
2025-06-23 13:37:13,581 INFO     ___FILE_ONLY___ ═
2025-06-23 13:37:13,581 INFO     ___FILE_ONLY___ ═
2025-06-23 13:37:13,581 INFO     ___FILE_ONLY___ ═
2025-06-23 13:37:13,582 INFO     ___FILE_ONLY___ ═
2025-06-23 13:37:13,582 INFO     ___FILE_ONLY___ ═
2025-06-23 13:37:13,582 INFO     ___FILE_ONLY___ ═
2025-06-23 13:37:13,582 INFO     ___FILE_ONLY___ ═
2025-06-23 13:37:13,583 INFO     ___FILE_ONLY___ ═
2025-06-23 13:37:13,583 INFO     ___FILE_ONLY___ ═
2025-06-23 13:37:13,583 INFO     ___FILE_ONLY___ ═
2025-06-23 13:37:13,584 INFO     ___FILE_ONLY___ ═
2025-06-23 13:37:13,584 INFO     ___FILE_ONLY___ ═
2025-06-23 13:37:13,584 INFO     ___FILE_ONLY___ ═
2025-06-23 13:37:13,585 INFO     ___FILE_ONLY___ ═
2025-06-23 13:37:13,585 INFO     ___FILE_ONLY___ ═
2025-06-23 13:37:13,585 INFO     ___FILE_ONLY___ ═
2025-06-23 13:37:13,585 INFO     ___FILE_ONLY___ ═
2025-06-23 13:37:13,586 INFO     ___FILE_ONLY___ ═
2025-06-23 13:37:13,586 INFO     ___FILE_ONLY___ ═
2025-06-23 13:37:13,586 INFO     ___FILE_ONLY___ ═
2025-06-23 13:37:13,587 INFO     ___FILE_ONLY___ ═
2025-06-23 13:37:13,587 INFO     ___FILE_ONLY___ ═
2025-06-23 13:37:13,587 INFO     ___FILE_ONLY___ ═
2025-06-23 13:37:13,587 INFO     ___FILE_ONLY___ ═
2025-06-23 13:37:13,588 INFO     ___FILE_ONLY___ ═
2025-06-23 13:37:13,588 INFO     ___FILE_ONLY___ ═
2025-06-23 13:37:13,588 INFO     ___FILE_ONLY___ ═
2025-06-23 13:37:13,589 INFO     ___FILE_ONLY___ ═
2025-06-23 13:37:13,589 INFO     ___FILE_ONLY___ ═
2025-06-23 13:37:13,589 INFO     ___FILE_ONLY___ ═
2025-06-23 13:37:13,589 INFO     ___FILE_ONLY___ ═
2025-06-23 13:37:13,590 INFO     ___FILE_ONLY___ ═
2025-06-23 13:37:13,590 INFO     ___FILE_ONLY___ ═
2025-06-23 13:37:13,590 INFO     ___FILE_ONLY___ ═
2025-06-23 13:37:13,591 INFO     ___FILE_ONLY___ ═
2025-06-23 13:37:13,591 INFO     ___FILE_ONLY___ ═
2025-06-23 13:37:13,591 INFO     ___FILE_ONLY___ ═
2025-06-23 13:37:13,591 INFO     ___FILE_ONLY___ ═
2025-06-23 13:37:13,592 INFO     ___FILE_ONLY___ ═
2025-06-23 13:37:13,592 INFO     ___FILE_ONLY___ ═
2025-06-23 13:37:13,592 INFO     ___FILE_ONLY___ ═
2025-06-23 13:37:13,593 INFO     ___FILE_ONLY___ ═
2025-06-23 13:37:13,593 INFO     ___FILE_ONLY___ ═
2025-06-23 13:37:13,593 INFO     ___FILE_ONLY___ ═
2025-06-23 13:37:13,594 INFO     ___FILE_ONLY___ ═
2025-06-23 13:37:13,594 INFO     ___FILE_ONLY___ ═
2025-06-23 13:37:13,594 INFO     ___FILE_ONLY___ ═
2025-06-23 13:37:13,595 INFO     ___FILE_ONLY___ ═
2025-06-23 13:37:13,595 INFO     ___FILE_ONLY___ ═
2025-06-23 13:37:13,595 INFO     ___FILE_ONLY___ ═
2025-06-23 13:37:13,596 INFO     ___FILE_ONLY___ ═
2025-06-23 13:37:13,596 INFO     ___FILE_ONLY___ ═
2025-06-23 13:37:13,596 INFO     ___FILE_ONLY___ ═
2025-06-23 13:37:13,596 INFO     ___FILE_ONLY___ ╝

2025-06-23 13:37:13,599 INFO     ___FILE_ONLY___ ╔════════════════════════════════════════════════════════════╗

2025-06-23 13:37:13,599 INFO     ___FILE_ONLY___ ╠═ Downloading: Cloud Storage Command Line Tool (Platfor... ═╣

2025-06-23 13:37:13,599 INFO     ___FILE_ONLY___ ╚
2025-06-23 13:37:13,602 DEBUG    urllib3.connectionpool Starting new HTTPS connection (1): dl.google.com:443
2025-06-23 13:37:13,853 DEBUG    urllib3.connectionpool https://dl.google.com:443 "GET /dl/cloudsdk/channels/rapid/components/google-cloud-sdk-gsutil-nix-20250523104322.tar.gz HTTP/11" 200 1950
2025-06-23 13:37:13,854 INFO     ___FILE_ONLY___ ════════════════════════════════════════════════════════════
2025-06-23 13:37:13,854 INFO     ___FILE_ONLY___ ╝

2025-06-23 13:37:13,856 INFO     ___FILE_ONLY___ ╔════════════════════════════════════════════════════════════╗

2025-06-23 13:37:13,856 INFO     ___FILE_ONLY___ ╠═ Downloading: Default set of gcloud commands              ═╣

2025-06-23 13:37:13,856 INFO     ___FILE_ONLY___ ╚
2025-06-23 13:37:13,856 INFO     ___FILE_ONLY___ ════════════════════════════════════════════════════════════
2025-06-23 13:37:13,857 INFO     ___FILE_ONLY___ ╝

2025-06-23 13:37:13,859 INFO     ___FILE_ONLY___ ╔════════════════════════════════════════════════════════════╗

2025-06-23 13:37:13,859 INFO     ___FILE_ONLY___ ╠═ Downloading: Google Cloud CLI Core Libraries (Platfor... ═╣

2025-06-23 13:37:13,859 INFO     ___FILE_ONLY___ ╚
2025-06-23 13:37:13,863 DEBUG    urllib3.connectionpool Starting new HTTPS connection (1): dl.google.com:443
2025-06-23 13:37:14,066 DEBUG    urllib3.connectionpool https://dl.google.com:443 "GET /dl/cloudsdk/channels/rapid/components/google-cloud-sdk-core-nix-20250523104322.tar.gz HTTP/11" 200 2325
2025-06-23 13:37:14,067 INFO     ___FILE_ONLY___ ════════════════════════════════════════════════════════════
2025-06-23 13:37:14,067 INFO     ___FILE_ONLY___ ╝

2025-06-23 13:37:14,069 INFO     ___FILE_ONLY___ ╔════════════════════════════════════════════════════════════╗

2025-06-23 13:37:14,069 INFO     ___FILE_ONLY___ ╠═ Downloading: Google Cloud CRC32C Hash Tool               ═╣

2025-06-23 13:37:14,069 INFO     ___FILE_ONLY___ ╚
2025-06-23 13:37:14,070 INFO     ___FILE_ONLY___ ════════════════════════════════════════════════════════════
2025-06-23 13:37:14,070 INFO     ___FILE_ONLY___ ╝

2025-06-23 13:37:14,071 INFO     ___FILE_ONLY___ ╔════════════════════════════════════════════════════════════╗

2025-06-23 13:37:14,072 INFO     ___FILE_ONLY___ ╠═ Downloading: Google Cloud CRC32C Hash Tool (Platform ... ═╣

2025-06-23 13:37:14,072 INFO     ___FILE_ONLY___ ╚
2025-06-23 13:37:14,075 DEBUG    urllib3.connectionpool Starting new HTTPS connection (1): dl.google.com:443
2025-06-23 13:37:14,119 DEBUG    urllib3.connectionpool https://dl.google.com:443 "GET /dl/cloudsdk/channels/rapid/components/google-cloud-sdk-gcloud-crc32c-linux-x86_64-20250613150750.tar.gz HTTP/11" 200 1525557
2025-06-23 13:37:14,131 INFO     ___FILE_ONLY___ ═
2025-06-23 13:37:14,131 INFO     ___FILE_ONLY___ ═
2025-06-23 13:37:14,131 INFO     ___FILE_ONLY___ ═
2025-06-23 13:37:14,132 INFO     ___FILE_ONLY___ ═
2025-06-23 13:37:14,132 INFO     ___FILE_ONLY___ ═
2025-06-23 13:37:14,132 INFO     ___FILE_ONLY___ ═
2025-06-23 13:37:14,132 INFO     ___FILE_ONLY___ ═
2025-06-23 13:37:14,132 INFO     ___FILE_ONLY___ ═
2025-06-23 13:37:14,132 INFO     ___FILE_ONLY___ ═
2025-06-23 13:37:14,132 INFO     ___FILE_ONLY___ ═
2025-06-23 13:37:14,133 INFO     ___FILE_ONLY___ ═
2025-06-23 13:37:14,133 INFO     ___FILE_ONLY___ ═
2025-06-23 13:37:14,133 INFO     ___FILE_ONLY___ ═
2025-06-23 13:37:14,133 INFO     ___FILE_ONLY___ ═
2025-06-23 13:37:14,133 INFO     ___FILE_ONLY___ ═
2025-06-23 13:37:14,133 INFO     ___FILE_ONLY___ ═
2025-06-23 13:37:14,133 INFO     ___FILE_ONLY___ ═
2025-06-23 13:37:14,134 INFO     ___FILE_ONLY___ ═
2025-06-23 13:37:14,134 INFO     ___FILE_ONLY___ ═
2025-06-23 13:37:14,134 INFO     ___FILE_ONLY___ ═
2025-06-23 13:37:14,134 INFO     ___FILE_ONLY___ ═
2025-06-23 13:37:14,134 INFO     ___FILE_ONLY___ ═
2025-06-23 13:37:14,134 INFO     ___FILE_ONLY___ ═
2025-06-23 13:37:14,134 INFO     ___FILE_ONLY___ ═
2025-06-23 13:37:14,134 INFO     ___FILE_ONLY___ ═
2025-06-23 13:37:14,134 INFO     ___FILE_ONLY___ ═
2025-06-23 13:37:14,134 INFO     ___FILE_ONLY___ ═
2025-06-23 13:37:14,135 INFO     ___FILE_ONLY___ ═
2025-06-23 13:37:14,135 INFO     ___FILE_ONLY___ ═
2025-06-23 13:37:14,135 INFO     ___FILE_ONLY___ ═
2025-06-23 13:37:14,135 INFO     ___FILE_ONLY___ ═
2025-06-23 13:37:14,135 INFO     ___FILE_ONLY___ ═
2025-06-23 13:37:14,135 INFO     ___FILE_ONLY___ ═
2025-06-23 13:37:14,136 INFO     ___FILE_ONLY___ ═
2025-06-23 13:37:14,136 INFO     ___FILE_ONLY___ ═
2025-06-23 13:37:14,136 INFO     ___FILE_ONLY___ ═
2025-06-23 13:37:14,136 INFO     ___FILE_ONLY___ ═
2025-06-23 13:37:14,136 INFO     ___FILE_ONLY___ ═
2025-06-23 13:37:14,136 INFO     ___FILE_ONLY___ ═
2025-06-23 13:37:14,136 INFO     ___FILE_ONLY___ ═
2025-06-23 13:37:14,136 INFO     ___FILE_ONLY___ ═
2025-06-23 13:37:14,136 INFO     ___FILE_ONLY___ ═
2025-06-23 13:37:14,136 INFO     ___FILE_ONLY___ ═
2025-06-23 13:37:14,136 INFO     ___FILE_ONLY___ ═
2025-06-23 13:37:14,136 INFO     ___FILE_ONLY___ ═
2025-06-23 13:37:14,137 INFO     ___FILE_ONLY___ ═
2025-06-23 13:37:14,137 INFO     ___FILE_ONLY___ ═
2025-06-23 13:37:14,137 INFO     ___FILE_ONLY___ ═
2025-06-23 13:37:14,137 INFO     ___FILE_ONLY___ ═
2025-06-23 13:37:14,137 INFO     ___FILE_ONLY___ ═
2025-06-23 13:37:14,137 INFO     ___FILE_ONLY___ ═
2025-06-23 13:37:14,137 INFO     ___FILE_ONLY___ ═
2025-06-23 13:37:14,137 INFO     ___FILE_ONLY___ ═
2025-06-23 13:37:14,137 INFO     ___FILE_ONLY___ ═
2025-06-23 13:37:14,137 INFO     ___FILE_ONLY___ ═
2025-06-23 13:37:14,137 INFO     ___FILE_ONLY___ ═
2025-06-23 13:37:14,137 INFO     ___FILE_ONLY___ ═
2025-06-23 13:37:14,138 INFO     ___FILE_ONLY___ ═
2025-06-23 13:37:14,138 INFO     ___FILE_ONLY___ ═
2025-06-23 13:37:14,138 INFO     ___FILE_ONLY___ ═
2025-06-23 13:37:14,138 INFO     ___FILE_ONLY___ ╝

2025-06-23 13:37:14,140 INFO     ___FILE_ONLY___ ╔════════════════════════════════════════════════════════════╗

2025-06-23 13:37:14,140 INFO     ___FILE_ONLY___ ╠═ Downloading: gcloud cli dependencies (Platform Specific) ═╣

2025-06-23 13:37:14,140 INFO     ___FILE_ONLY___ ╚
2025-06-23 13:37:14,143 DEBUG    urllib3.connectionpool Starting new HTTPS connection (1): dl.google.com:443
2025-06-23 13:37:14,352 DEBUG    urllib3.connectionpool https://dl.google.com:443 "GET /dl/cloudsdk/channels/rapid/components/google-cloud-sdk-gcloud-deps-linux-x86_64-20210416153011.tar.gz HTTP/11" 200 104
2025-06-23 13:37:14,353 INFO     ___FILE_ONLY___ ════════════════════════════════════════════════════════════
2025-06-23 13:37:14,353 INFO     ___FILE_ONLY___ ╝

2025-06-23 13:37:14,355 INFO     ___FILE_ONLY___ ╔════════════════════════════════════════════════════════════╗

2025-06-23 13:37:14,355 INFO     ___FILE_ONLY___ ╠═ Installing: BigQuery Command Line Tool                   ═╣

2025-06-23 13:37:14,355 INFO     ___FILE_ONLY___ ╚
2025-06-23 13:37:14,451 INFO     ___FILE_ONLY___ ═
2025-06-23 13:37:14,454 INFO     ___FILE_ONLY___ ═
2025-06-23 13:37:14,456 INFO     ___FILE_ONLY___ ═
2025-06-23 13:37:14,458 INFO     ___FILE_ONLY___ ═
2025-06-23 13:37:14,461 INFO     ___FILE_ONLY___ ═
2025-06-23 13:37:14,463 INFO     ___FILE_ONLY___ ═
2025-06-23 13:37:14,465 INFO     ___FILE_ONLY___ ═
2025-06-23 13:37:14,467 INFO     ___FILE_ONLY___ ═
2025-06-23 13:37:14,469 INFO     ___FILE_ONLY___ ═
2025-06-23 13:37:14,471 INFO     ___FILE_ONLY___ ═
2025-06-23 13:37:14,474 INFO     ___FILE_ONLY___ ═
2025-06-23 13:37:14,476 INFO     ___FILE_ONLY___ ═
2025-06-23 13:37:14,478 INFO     ___FILE_ONLY___ ═
2025-06-23 13:37:14,480 INFO     ___FILE_ONLY___ ═
2025-06-23 13:37:14,482 INFO     ___FILE_ONLY___ ═
2025-06-23 13:37:14,484 INFO     ___FILE_ONLY___ ═
2025-06-23 13:37:14,487 INFO     ___FILE_ONLY___ ═
2025-06-23 13:37:14,488 INFO     ___FILE_ONLY___ ═
2025-06-23 13:37:14,490 INFO     ___FILE_ONLY___ ═
2025-06-23 13:37:14,494 INFO     ___FILE_ONLY___ ═
2025-06-23 13:37:14,497 INFO     ___FILE_ONLY___ ═
2025-06-23 13:37:14,499 INFO     ___FILE_ONLY___ ═
2025-06-23 13:37:14,501 INFO     ___FILE_ONLY___ ═
2025-06-23 13:37:14,503 INFO     ___FILE_ONLY___ ═
2025-06-23 13:37:14,504 INFO     ___FILE_ONLY___ ═
2025-06-23 13:37:14,506 INFO     ___FILE_ONLY___ ═
2025-06-23 13:37:14,508 INFO     ___FILE_ONLY___ ═
2025-06-23 13:37:14,510 INFO     ___FILE_ONLY___ ═
2025-06-23 13:37:14,513 INFO     ___FILE_ONLY___ ═
2025-06-23 13:37:14,517 INFO     ___FILE_ONLY___ ═
2025-06-23 13:37:14,518 INFO     ___FILE_ONLY___ ═
2025-06-23 13:37:14,521 INFO     ___FILE_ONLY___ ═
2025-06-23 13:37:14,522 INFO     ___FILE_ONLY___ ═
2025-06-23 13:37:14,526 INFO     ___FILE_ONLY___ ═
2025-06-23 13:37:14,528 INFO     ___FILE_ONLY___ ═
2025-06-23 13:37:14,535 INFO     ___FILE_ONLY___ ═
2025-06-23 13:37:14,540 INFO     ___FILE_ONLY___ ═
2025-06-23 13:37:14,545 INFO     ___FILE_ONLY___ ═
2025-06-23 13:37:14,547 INFO     ___FILE_ONLY___ ═
2025-06-23 13:37:14,549 INFO     ___FILE_ONLY___ ═
2025-06-23 13:37:14,552 INFO     ___FILE_ONLY___ ═
2025-06-23 13:37:14,553 INFO     ___FILE_ONLY___ ═
2025-06-23 13:37:14,557 INFO     ___FILE_ONLY___ ═
2025-06-23 13:37:14,560 INFO     ___FILE_ONLY___ ═
2025-06-23 13:37:14,562 INFO     ___FILE_ONLY___ ═
2025-06-23 13:37:14,564 INFO     ___FILE_ONLY___ ═
2025-06-23 13:37:14,566 INFO     ___FILE_ONLY___ ═
2025-06-23 13:37:14,568 INFO     ___FILE_ONLY___ ═
2025-06-23 13:37:14,570 INFO     ___FILE_ONLY___ ═
2025-06-23 13:37:14,572 INFO     ___FILE_ONLY___ ═
2025-06-23 13:37:14,574 INFO     ___FILE_ONLY___ ═
2025-06-23 13:37:14,576 INFO     ___FILE_ONLY___ ═
2025-06-23 13:37:14,578 INFO     ___FILE_ONLY___ ═
2025-06-23 13:37:14,581 INFO     ___FILE_ONLY___ ═
2025-06-23 13:37:14,583 INFO     ___FILE_ONLY___ ═
2025-06-23 13:37:14,584 INFO     ___FILE_ONLY___ ═
2025-06-23 13:37:14,587 INFO     ___FILE_ONLY___ ═
2025-06-23 13:37:14,588 INFO     ___FILE_ONLY___ ═
2025-06-23 13:37:14,590 INFO     ___FILE_ONLY___ ═
2025-06-23 13:37:14,592 INFO     ___FILE_ONLY___ ═
2025-06-23 13:37:14,592 INFO     ___FILE_ONLY___ ╝

2025-06-23 13:37:14,600 INFO     ___FILE_ONLY___ ╔════════════════════════════════════════════════════════════╗

2025-06-23 13:37:14,600 INFO     ___FILE_ONLY___ ╠═ Installing: BigQuery Command Line Tool (Platform Spec... ═╣

2025-06-23 13:37:14,600 INFO     ___FILE_ONLY___ ╚
2025-06-23 13:37:14,601 INFO     ___FILE_ONLY___ ════════════════════════════════════════════════════════════
2025-06-23 13:37:14,601 INFO     ___FILE_ONLY___ ╝

2025-06-23 13:37:14,607 INFO     ___FILE_ONLY___ ╔════════════════════════════════════════════════════════════╗

2025-06-23 13:37:14,607 INFO     ___FILE_ONLY___ ╠═ Installing: Bundled Python 3.12                          ═╣

2025-06-23 13:37:14,607 INFO     ___FILE_ONLY___ ╚
2025-06-23 13:37:14,610 INFO     ___FILE_ONLY___ ════════════════════════════════════════════════════════════
2025-06-23 13:37:14,610 INFO     ___FILE_ONLY___ ╝

2025-06-23 13:37:14,611 INFO     ___FILE_ONLY___ ╔════════════════════════════════════════════════════════════╗

2025-06-23 13:37:14,612 INFO     ___FILE_ONLY___ ╠═ Installing: Bundled Python 3.12 (Platform Specific)      ═╣

2025-06-23 13:37:14,612 INFO     ___FILE_ONLY___ ╚
2025-06-23 13:37:16,845 INFO     ___FILE_ONLY___ ═
2025-06-23 13:37:16,856 INFO     ___FILE_ONLY___ ═
2025-06-23 13:37:16,867 INFO     ___FILE_ONLY___ ═
2025-06-23 13:37:16,878 INFO     ___FILE_ONLY___ ═
2025-06-23 13:37:16,890 INFO     ___FILE_ONLY___ ═
2025-06-23 13:37:16,902 INFO     ___FILE_ONLY___ ═
2025-06-23 13:37:16,914 INFO     ___FILE_ONLY___ ═
2025-06-23 13:37:16,926 INFO     ___FILE_ONLY___ ═
2025-06-23 13:37:16,937 INFO     ___FILE_ONLY___ ═
2025-06-23 13:37:16,949 INFO     ___FILE_ONLY___ ═
2025-06-23 13:37:16,961 INFO     ___FILE_ONLY___ ═
2025-06-23 13:37:16,972 INFO     ___FILE_ONLY___ ═
2025-06-23 13:37:16,983 INFO     ___FILE_ONLY___ ═
2025-06-23 13:37:16,995 INFO     ___FILE_ONLY___ ═
2025-06-23 13:37:17,007 INFO     ___FILE_ONLY___ ═
2025-06-23 13:37:17,018 INFO     ___FILE_ONLY___ ═
2025-06-23 13:37:17,030 INFO     ___FILE_ONLY___ ═
2025-06-23 13:37:17,042 INFO     ___FILE_ONLY___ ═
2025-06-23 13:37:17,054 INFO     ___FILE_ONLY___ ═
2025-06-23 13:37:17,065 INFO     ___FILE_ONLY___ ═
2025-06-23 13:37:17,077 INFO     ___FILE_ONLY___ ═
2025-06-23 13:37:17,089 INFO     ___FILE_ONLY___ ═
2025-06-23 13:37:17,101 INFO     ___FILE_ONLY___ ═
2025-06-23 13:37:17,113 INFO     ___FILE_ONLY___ ═
2025-06-23 13:37:17,125 INFO     ___FILE_ONLY___ ═
2025-06-23 13:37:17,137 INFO     ___FILE_ONLY___ ═
2025-06-23 13:37:17,149 INFO     ___FILE_ONLY___ ═
2025-06-23 13:37:17,160 INFO     ___FILE_ONLY___ ═
2025-06-23 13:37:17,172 INFO     ___FILE_ONLY___ ═
2025-06-23 13:37:17,184 INFO     ___FILE_ONLY___ ═
2025-06-23 13:37:17,196 INFO     ___FILE_ONLY___ ═
2025-06-23 13:37:17,208 INFO     ___FILE_ONLY___ ═
2025-06-23 13:37:17,219 INFO     ___FILE_ONLY___ ═
2025-06-23 13:37:17,232 INFO     ___FILE_ONLY___ ═
2025-06-23 13:37:17,248 INFO     ___FILE_ONLY___ ═
2025-06-23 13:37:17,262 INFO     ___FILE_ONLY___ ═
2025-06-23 13:37:18,126 INFO     ___FILE_ONLY___ ═
2025-06-23 13:37:18,149 INFO     ___FILE_ONLY___ ═
2025-06-23 13:37:18,646 INFO     ___FILE_ONLY___ ═
2025-06-23 13:37:18,664 INFO     ___FILE_ONLY___ ═
2025-06-23 13:37:18,685 INFO     ___FILE_ONLY___ ═
2025-06-23 13:37:18,710 INFO     ___FILE_ONLY___ ═
2025-06-23 13:37:18,728 INFO     ___FILE_ONLY___ ═
2025-06-23 13:37:18,755 INFO     ___FILE_ONLY___ ═
2025-06-23 13:37:18,774 INFO     ___FILE_ONLY___ ═
2025-06-23 13:37:18,793 INFO     ___FILE_ONLY___ ═
2025-06-23 13:37:18,809 INFO     ___FILE_ONLY___ ═
2025-06-23 13:37:18,825 INFO     ___FILE_ONLY___ ═
2025-06-23 13:37:18,915 INFO     ___FILE_ONLY___ ═
2025-06-23 13:37:18,933 INFO     ___FILE_ONLY___ ═
2025-06-23 13:37:19,072 INFO     ___FILE_ONLY___ ═
2025-06-23 13:37:19,088 INFO     ___FILE_ONLY___ ═
2025-06-23 13:37:19,105 INFO     ___FILE_ONLY___ ═
2025-06-23 13:37:19,121 INFO     ___FILE_ONLY___ ═
2025-06-23 13:37:19,135 INFO     ___FILE_ONLY___ ═
2025-06-23 13:37:19,153 INFO     ___FILE_ONLY___ ═
2025-06-23 13:37:19,170 INFO     ___FILE_ONLY___ ═
2025-06-23 13:37:19,186 INFO     ___FILE_ONLY___ ═
2025-06-23 13:37:19,213 INFO     ___FILE_ONLY___ ═
2025-06-23 13:37:19,695 INFO     ___FILE_ONLY___ ═
2025-06-23 13:37:19,695 INFO     ___FILE_ONLY___ ╝

2025-06-23 13:37:19,749 INFO     ___FILE_ONLY___ ╔════════════════════════════════════════════════════════════╗

2025-06-23 13:37:19,749 INFO     ___FILE_ONLY___ ╠═ Installing: Cloud Storage Command Line Tool              ═╣

2025-06-23 13:37:19,749 INFO     ___FILE_ONLY___ ╚
2025-06-23 13:37:20,272 INFO     ___FILE_ONLY___ ═
2025-06-23 13:37:20,283 INFO     ___FILE_ONLY___ ═
2025-06-23 13:37:20,292 INFO     ___FILE_ONLY___ ═
2025-06-23 13:37:20,302 INFO     ___FILE_ONLY___ ═
2025-06-23 13:37:20,311 INFO     ___FILE_ONLY___ ═
2025-06-23 13:37:20,346 INFO     ___FILE_ONLY___ ═
2025-06-23 13:37:20,358 INFO     ___FILE_ONLY___ ═
2025-06-23 13:37:20,373 INFO     ___FILE_ONLY___ ═
2025-06-23 13:37:20,384 INFO     ___FILE_ONLY___ ═
2025-06-23 13:37:20,400 INFO     ___FILE_ONLY___ ═
2025-06-23 13:37:20,412 INFO     ___FILE_ONLY___ ═
2025-06-23 13:37:20,422 INFO     ___FILE_ONLY___ ═
2025-06-23 13:37:20,433 INFO     ___FILE_ONLY___ ═
2025-06-23 13:37:20,441 INFO     ___FILE_ONLY___ ═
2025-06-23 13:37:20,451 INFO     ___FILE_ONLY___ ═
2025-06-23 13:37:20,466 INFO     ___FILE_ONLY___ ═
2025-06-23 13:37:20,479 INFO     ___FILE_ONLY___ ═
2025-06-23 13:37:20,488 INFO     ___FILE_ONLY___ ═
2025-06-23 13:37:20,500 INFO     ___FILE_ONLY___ ═
2025-06-23 13:37:20,509 INFO     ___FILE_ONLY___ ═
2025-06-23 13:37:20,520 INFO     ___FILE_ONLY___ ═
2025-06-23 13:37:20,530 INFO     ___FILE_ONLY___ ═
2025-06-23 13:37:20,540 INFO     ___FILE_ONLY___ ═
2025-06-23 13:37:20,549 INFO     ___FILE_ONLY___ ═
2025-06-23 13:37:20,559 INFO     ___FILE_ONLY___ ═
2025-06-23 13:37:20,570 INFO     ___FILE_ONLY___ ═
2025-06-23 13:37:20,581 INFO     ___FILE_ONLY___ ═
2025-06-23 13:37:20,599 INFO     ___FILE_ONLY___ ═
2025-06-23 13:37:20,609 INFO     ___FILE_ONLY___ ═
2025-06-23 13:37:20,619 INFO     ___FILE_ONLY___ ═
2025-06-23 13:37:20,639 INFO     ___FILE_ONLY___ ═
2025-06-23 13:37:20,654 INFO     ___FILE_ONLY___ ═
2025-06-23 13:37:20,671 INFO     ___FILE_ONLY___ ═
2025-06-23 13:37:20,688 INFO     ___FILE_ONLY___ ═
2025-06-23 13:37:20,703 INFO     ___FILE_ONLY___ ═
2025-06-23 13:37:20,715 INFO     ___FILE_ONLY___ ═
2025-06-23 13:37:20,725 INFO     ___FILE_ONLY___ ═
2025-06-23 13:37:20,739 INFO     ___FILE_ONLY___ ═
2025-06-23 13:37:20,752 INFO     ___FILE_ONLY___ ═
2025-06-23 13:37:20,764 INFO     ___FILE_ONLY___ ═
2025-06-23 13:37:20,775 INFO     ___FILE_ONLY___ ═
2025-06-23 13:37:20,785 INFO     ___FILE_ONLY___ ═
2025-06-23 13:37:20,794 INFO     ___FILE_ONLY___ ═
2025-06-23 13:37:20,805 INFO     ___FILE_ONLY___ ═
2025-06-23 13:37:20,815 INFO     ___FILE_ONLY___ ═
2025-06-23 13:37:20,824 INFO     ___FILE_ONLY___ ═
2025-06-23 13:37:20,833 INFO     ___FILE_ONLY___ ═
2025-06-23 13:37:20,843 INFO     ___FILE_ONLY___ ═
2025-06-23 13:37:20,854 INFO     ___FILE_ONLY___ ═
2025-06-23 13:37:20,866 INFO     ___FILE_ONLY___ ═
2025-06-23 13:37:20,879 INFO     ___FILE_ONLY___ ═
2025-06-23 13:37:20,893 INFO     ___FILE_ONLY___ ═
2025-06-23 13:37:20,905 INFO     ___FILE_ONLY___ ═
2025-06-23 13:37:20,919 INFO     ___FILE_ONLY___ ═
2025-06-23 13:37:20,932 INFO     ___FILE_ONLY___ ═
2025-06-23 13:37:20,946 INFO     ___FILE_ONLY___ ═
2025-06-23 13:37:20,963 INFO     ___FILE_ONLY___ ═
2025-06-23 13:37:20,984 INFO     ___FILE_ONLY___ ═
2025-06-23 13:37:21,000 INFO     ___FILE_ONLY___ ═
2025-06-23 13:37:21,018 INFO     ___FILE_ONLY___ ═
2025-06-23 13:37:21,018 INFO     ___FILE_ONLY___ ╝

2025-06-23 13:37:21,049 INFO     ___FILE_ONLY___ ╔════════════════════════════════════════════════════════════╗

2025-06-23 13:37:21,049 INFO     ___FILE_ONLY___ ╠═ Installing: Cloud Storage Command Line Tool (Platform... ═╣

2025-06-23 13:37:21,049 INFO     ___FILE_ONLY___ ╚
2025-06-23 13:37:21,050 INFO     ___FILE_ONLY___ ════════════════════════════════════════════════════════════
2025-06-23 13:37:21,050 INFO     ___FILE_ONLY___ ╝

2025-06-23 13:37:21,055 INFO     ___FILE_ONLY___ ╔════════════════════════════════════════════════════════════╗

2025-06-23 13:37:21,055 INFO     ___FILE_ONLY___ ╠═ Installing: Default set of gcloud commands               ═╣

2025-06-23 13:37:21,056 INFO     ___FILE_ONLY___ ╚
2025-06-23 13:37:21,058 INFO     ___FILE_ONLY___ ════════════════════════════════════════════════════════════
2025-06-23 13:37:21,058 INFO     ___FILE_ONLY___ ╝

2025-06-23 13:37:21,060 INFO     ___FILE_ONLY___ ╔════════════════════════════════════════════════════════════╗

2025-06-23 13:37:21,060 INFO     ___FILE_ONLY___ ╠═ Installing: Google Cloud CLI Core Libraries (Platform... ═╣

2025-06-23 13:37:21,060 INFO     ___FILE_ONLY___ ╚
2025-06-23 13:37:21,061 INFO     ___FILE_ONLY___ ══════════════════════════════
2025-06-23 13:37:21,062 INFO     ___FILE_ONLY___ ══════════════════════════════
2025-06-23 13:37:21,062 INFO     ___FILE_ONLY___ ╝

2025-06-23 13:37:21,066 INFO     ___FILE_ONLY___ ╔════════════════════════════════════════════════════════════╗

2025-06-23 13:37:21,066 INFO     ___FILE_ONLY___ ╠═ Installing: Google Cloud CRC32C Hash Tool                ═╣

2025-06-23 13:37:21,066 INFO     ___FILE_ONLY___ ╚
2025-06-23 13:37:21,069 INFO     ___FILE_ONLY___ ════════════════════════════════════════════════════════════
2025-06-23 13:37:21,069 INFO     ___FILE_ONLY___ ╝

2025-06-23 13:37:21,071 INFO     ___FILE_ONLY___ ╔════════════════════════════════════════════════════════════╗

2025-06-23 13:37:21,071 INFO     ___FILE_ONLY___ ╠═ Installing: Google Cloud CRC32C Hash Tool (Platform S... ═╣

2025-06-23 13:37:21,071 INFO     ___FILE_ONLY___ ╚
2025-06-23 13:37:21,110 INFO     ___FILE_ONLY___ ══════════════════════════════
2025-06-23 13:37:21,110 INFO     ___FILE_ONLY___ ══════════════════════════════
2025-06-23 13:37:21,110 INFO     ___FILE_ONLY___ ╝

2025-06-23 13:37:21,115 INFO     ___FILE_ONLY___ ╔════════════════════════════════════════════════════════════╗

2025-06-23 13:37:21,115 INFO     ___FILE_ONLY___ ╠═ Installing: gcloud cli dependencies (Platform Specific)  ═╣

2025-06-23 13:37:21,116 INFO     ___FILE_ONLY___ ╚
2025-06-23 13:37:21,116 INFO     ___FILE_ONLY___ ════════════════════════════════════════════════════════════
2025-06-23 13:37:21,116 INFO     ___FILE_ONLY___ ╝

2025-06-23 13:37:21,121 DEBUG    root            Updating notification cache...
2025-06-23 13:37:21,122 INFO     ___FILE_ONLY___ 

2025-06-23 13:37:21,124 INFO     ___FILE_ONLY___ Performing post processing steps...
2025-06-23 13:37:21,124 DEBUG    root            Executing command: ['/tools/google-cloud-sdk/bin/gcloud', 'components', 'post-process']
2025-06-23 13:37:30,878 DEBUG    ___FILE_ONLY___ 
2025-06-23 13:37:30,878 DEBUG    ___FILE_ONLY___ 
2025-06-23 13:37:30,908 INFO     root            descriptor_list: [{'universeDomain': 'googleapis.com', 'universeShortName': '', 'authenticationDomain': 'auth.cloud.google.com', 'projectPrefix': '', 'cloudWebDomain': 'cloud.google.com', 'documentationDomain': 'cloud.google.com', 'version': '1.0.0', 'state': 'primary', 'artifactRegistryDomain': 'pkg.dev'}]
2025-06-23 13:37:30,908 INFO     ___FILE_ONLY___ 
Update done!


2025-06-23 13:37:30,911 DEBUG    root            Chosen display Format:none
2025-06-23 13:37:30,911 INFO     root            Display format: "none"
